<?xml version="1.0" encoding="UTF-8"?>
<testng-results ignored="0" total="1" passed="1" failed="0" skipped="0">
  <reporter-output>
  </reporter-output>
  <suite started-at="2025-04-25T15:04:20 IST" name="Default suite" finished-at="2025-04-25T15:04:24 IST" duration-ms="3497">
    <groups>
    </groups>
    <test started-at="2025-04-25T15:04:20 IST" name="Default test" finished-at="2025-04-25T15:04:24 IST" duration-ms="3497">
      <class name="Create_Emp.main">
        <test-method is-config="true" signature="setup()[pri:0, instance:Create_Emp.main@36ebc363]" started-at="2025-04-25T15:04:20 IST" name="setup" finished-at="2025-04-25T15:04:23 IST" duration-ms="2734" status="PASS">
          <reporter-output>
          </reporter-output>
        </test-method> <!-- setup -->
        <test-method signature="HrLogin()[pri:0, instance:Create_Emp.main@36ebc363]" started-at="2025-04-25T15:04:23 IST" name="HrLogin" finished-at="2025-04-25T15:04:24 IST" duration-ms="517" status="PASS">
          <reporter-output>
          </reporter-output>
        </test-method> <!-- HrLogin -->
        <test-method is-config="true" signature="teardown()[pri:0, instance:Create_Emp.main@36ebc363]" started-at="2025-04-25T15:04:24 IST" name="teardown" finished-at="2025-04-25T15:04:24 IST" duration-ms="187" status="PASS">
          <reporter-output>
          </reporter-output>
        </test-method> <!-- teardown -->
      </class> <!-- Create_Emp.main -->
    </test> <!-- Default test -->
  </suite> <!-- Default suite -->
</testng-results>
